<?xml version="1.0" encoding="UTF-8"?>
<!-- Generated by org.testng.reporters.JUnitXMLReporter -->
<testsuite hostname="test-PC" ignored="0" name="Test" tests="2" failures="1" timestamp="23 Dec 2019 05:34:28 GMT" time="30.777" errors="0">
  <testcase name="Login" time="30.724" classname="new_1.NewTest"/>
  <testcase name="home" time="0.005" classname="new_1.NewTest2">
    <failure type="java.lang.NullPointerException">
      <![CDATA[java.lang.NullPointerException
at new_1.NewTest2.home(NewTest2.java:15)
... Removed 25 stack frames]]>
    </failure>
  </testcase> <!-- home -->
</testsuite> <!-- Test -->
