<?xml version="1.0" encoding="UTF-8"?>
<testng-results skipped="0" failed="0" ignored="0" total="2" passed="2">
  <reporter-output>
  </reporter-output>
  <suite name="Suite" duration-ms="43919" started-at="2020-01-07T09:15:25Z" finished-at="2020-01-07T09:16:09Z">
    <groups>
      <group name="Smoke">
        <method signature="New.Log()[pri:0, instance:G_1.New@1593948d]" name="Log" class="G_1.New"/>
        <method signature="New.buy()[pri:0, instance:G_1.New@1593948d]" name="buy" class="G_1.New"/>
      </group> <!-- Smoke -->
    </groups>
    <test name="Test" duration-ms="43919" started-at="2020-01-07T09:15:25Z" finished-at="2020-01-07T09:16:09Z">
      <class name="G_1.New">
        <test-method status="PASS" signature="test()[pri:0, instance:G_1.New@1593948d]" name="test" is-config="true" duration-ms="37476" started-at="2020-01-07T09:15:25Z" finished-at="2020-01-07T09:16:02Z">
          <reporter-output>
          </reporter-output>
        </test-method> <!-- test -->
        <test-method status="PASS" signature="Log()[pri:0, instance:G_1.New@1593948d]" name="Log" duration-ms="5659" started-at="2020-01-07T09:16:02Z" finished-at="2020-01-07T09:16:08Z">
          <reporter-output>
          </reporter-output>
        </test-method> <!-- Log -->
        <test-method status="PASS" signature="buy()[pri:0, instance:G_1.New@1593948d]" name="buy" duration-ms="750" started-at="2020-01-07T09:16:08Z" finished-at="2020-01-07T09:16:09Z">
          <reporter-output>
          </reporter-output>
        </test-method> <!-- buy -->
      </class> <!-- G_1.New -->
    </test> <!-- Test -->
  </suite> <!-- Suite -->
</testng-results>
